cabal: Entering directory '/var/folders/q5/zhn2h_ks6hn97y1zfqnd3w_w0000gw/T/cabal-tmp-31467/JuicyPixels-3.2.8.3'
Configuring JuicyPixels-3.2.8.3...
Building JuicyPixels-3.2.8.3...
Preprocessing library JuicyPixels-3.2.8.3...
[ 1 of 30] Compiling Codec.Picture.Types ( src/Codec/Picture/Types.hs, dist/dist-sandbox-bbe9e81a/build/Codec/Picture/Types.o )
[ 2 of 30] Compiling Codec.Picture.VectorByteConversion ( src/Codec/Picture/VectorByteConversion.hs, dist/dist-sandbox-bbe9e81a/build/Codec/Picture/VectorByteConversion.o )
[ 3 of 30] Compiling Codec.Picture.Metadata.Exif ( src/Codec/Picture/Metadata/Exif.hs, dist/dist-sandbox-bbe9e81a/build/Codec/Picture/Metadata/Exif.o )
[ 4 of 30] Compiling Codec.Picture.Tiff.Types ( src/Codec/Picture/Tiff/Types.hs, dist/dist-sandbox-bbe9e81a/build/Codec/Picture/Tiff/Types.o )
[ 5 of 30] Compiling Codec.Picture.Metadata ( src/Codec/Picture/Metadata.hs, dist/dist-sandbox-bbe9e81a/build/Codec/Picture/Metadata.o )
[ 6 of 30] Compiling Codec.Picture.Tiff.Metadata ( src/Codec/Picture/Tiff/Metadata.hs, dist/dist-sandbox-bbe9e81a/build/Codec/Picture/Tiff/Metadata.o )
[ 7 of 30] Compiling Codec.Picture.InternalHelper ( src/Codec/Picture/InternalHelper.hs, dist/dist-sandbox-bbe9e81a/build/Codec/Picture/InternalHelper.o )
[ 8 of 30] Compiling Codec.Picture.Png.Type ( src/Codec/Picture/Png/Type.hs, dist/dist-sandbox-bbe9e81a/build/Codec/Picture/Png/Type.o )
[ 9 of 30] Compiling Codec.Picture.Png.Metadata ( src/Codec/Picture/Png/Metadata.hs, dist/dist-sandbox-bbe9e81a/build/Codec/Picture/Png/Metadata.o )
[10 of 30] Compiling Codec.Picture.Png.Export ( src/Codec/Picture/Png/Export.hs, dist/dist-sandbox-bbe9e81a/build/Codec/Picture/Png/Export.o )
[11 of 30] Compiling Codec.Picture.Png ( src/Codec/Picture/Png.hs, dist/dist-sandbox-bbe9e81a/build/Codec/Picture/Png.o )
[12 of 30] Compiling Codec.Picture.Tga ( src/Codec/Picture/Tga.hs, dist/dist-sandbox-bbe9e81a/build/Codec/Picture/Tga.o )
[13 of 30] Compiling Codec.Picture.HDR ( src/Codec/Picture/HDR.hs, dist/dist-sandbox-bbe9e81a/build/Codec/Picture/HDR.o )
[14 of 30] Compiling Codec.Picture.ColorQuant ( src/Codec/Picture/ColorQuant.hs, dist/dist-sandbox-bbe9e81a/build/Codec/Picture/ColorQuant.o )
[15 of 30] Compiling Codec.Picture.Bitmap ( src/Codec/Picture/Bitmap.hs, dist/dist-sandbox-bbe9e81a/build/Codec/Picture/Bitmap.o )
[16 of 30] Compiling Codec.Picture.BitWriter ( src/Codec/Picture/BitWriter.hs, dist/dist-sandbox-bbe9e81a/build/Codec/Picture/BitWriter.o )
[17 of 30] Compiling Codec.Picture.Gif.LZW ( src/Codec/Picture/Gif/LZW.hs, dist/dist-sandbox-bbe9e81a/build/Codec/Picture/Gif/LZW.o )
[18 of 30] Compiling Codec.Picture.Gif.LZWEncoding ( src/Codec/Picture/Gif/LZWEncoding.hs, dist/dist-sandbox-bbe9e81a/build/Codec/Picture/Gif/LZWEncoding.o )
[19 of 30] Compiling Codec.Picture.Gif ( src/Codec/Picture/Gif.hs, dist/dist-sandbox-bbe9e81a/build/Codec/Picture/Gif.o )
[20 of 30] Compiling Codec.Picture.Jpg.DefaultTable ( src/Codec/Picture/Jpg/DefaultTable.hs, dist/dist-sandbox-bbe9e81a/build/Codec/Picture/Jpg/DefaultTable.o )
[21 of 30] Compiling Codec.Picture.Jpg.Types ( src/Codec/Picture/Jpg/Types.hs, dist/dist-sandbox-bbe9e81a/build/Codec/Picture/Jpg/Types.o )
[22 of 30] Compiling Codec.Picture.Jpg.FastDct ( src/Codec/Picture/Jpg/FastDct.hs, dist/dist-sandbox-bbe9e81a/build/Codec/Picture/Jpg/FastDct.o )
[23 of 30] Compiling Codec.Picture.Jpg.FastIdct ( src/Codec/Picture/Jpg/FastIdct.hs, dist/dist-sandbox-bbe9e81a/build/Codec/Picture/Jpg/FastIdct.o )
[24 of 30] Compiling Codec.Picture.Jpg.Common ( src/Codec/Picture/Jpg/Common.hs, dist/dist-sandbox-bbe9e81a/build/Codec/Picture/Jpg/Common.o )
[25 of 30] Compiling Codec.Picture.Jpg.Metadata ( src/Codec/Picture/Jpg/Metadata.hs, dist/dist-sandbox-bbe9e81a/build/Codec/Picture/Jpg/Metadata.o )
[26 of 30] Compiling Codec.Picture.Jpg.Progressive ( src/Codec/Picture/Jpg/Progressive.hs, dist/dist-sandbox-bbe9e81a/build/Codec/Picture/Jpg/Progressive.o )
[27 of 30] Compiling Codec.Picture.Jpg ( src/Codec/Picture/Jpg.hs, dist/dist-sandbox-bbe9e81a/build/Codec/Picture/Jpg.o )
[28 of 30] Compiling Codec.Picture.Tiff ( src/Codec/Picture/Tiff.hs, dist/dist-sandbox-bbe9e81a/build/Codec/Picture/Tiff.o )
[29 of 30] Compiling Codec.Picture.Saving ( src/Codec/Picture/Saving.hs, dist/dist-sandbox-bbe9e81a/build/Codec/Picture/Saving.o )
[30 of 30] Compiling Codec.Picture    ( src/Codec/Picture.hs, dist/dist-sandbox-bbe9e81a/build/Codec/Picture.o )
[ 1 of 30] Compiling Codec.Picture.Types ( src/Codec/Picture/Types.hs, dist/dist-sandbox-bbe9e81a/build/Codec/Picture/Types.p_o )
[ 2 of 30] Compiling Codec.Picture.VectorByteConversion ( src/Codec/Picture/VectorByteConversion.hs, dist/dist-sandbox-bbe9e81a/build/Codec/Picture/VectorByteConversion.p_o )
[ 3 of 30] Compiling Codec.Picture.Metadata.Exif ( src/Codec/Picture/Metadata/Exif.hs, dist/dist-sandbox-bbe9e81a/build/Codec/Picture/Metadata/Exif.p_o )
[ 4 of 30] Compiling Codec.Picture.Tiff.Types ( src/Codec/Picture/Tiff/Types.hs, dist/dist-sandbox-bbe9e81a/build/Codec/Picture/Tiff/Types.p_o )
[ 5 of 30] Compiling Codec.Picture.Metadata ( src/Codec/Picture/Metadata.hs, dist/dist-sandbox-bbe9e81a/build/Codec/Picture/Metadata.p_o )
[ 6 of 30] Compiling Codec.Picture.Tiff.Metadata ( src/Codec/Picture/Tiff/Metadata.hs, dist/dist-sandbox-bbe9e81a/build/Codec/Picture/Tiff/Metadata.p_o )
[ 7 of 30] Compiling Codec.Picture.InternalHelper ( src/Codec/Picture/InternalHelper.hs, dist/dist-sandbox-bbe9e81a/build/Codec/Picture/InternalHelper.p_o )
[ 8 of 30] Compiling Codec.Picture.Png.Type ( src/Codec/Picture/Png/Type.hs, dist/dist-sandbox-bbe9e81a/build/Codec/Picture/Png/Type.p_o )
[ 9 of 30] Compiling Codec.Picture.Png.Metadata ( src/Codec/Picture/Png/Metadata.hs, dist/dist-sandbox-bbe9e81a/build/Codec/Picture/Png/Metadata.p_o )
[10 of 30] Compiling Codec.Picture.Png.Export ( src/Codec/Picture/Png/Export.hs, dist/dist-sandbox-bbe9e81a/build/Codec/Picture/Png/Export.p_o )
[11 of 30] Compiling Codec.Picture.Png ( src/Codec/Picture/Png.hs, dist/dist-sandbox-bbe9e81a/build/Codec/Picture/Png.p_o )
[12 of 30] Compiling Codec.Picture.Tga ( src/Codec/Picture/Tga.hs, dist/dist-sandbox-bbe9e81a/build/Codec/Picture/Tga.p_o )
[13 of 30] Compiling Codec.Picture.HDR ( src/Codec/Picture/HDR.hs, dist/dist-sandbox-bbe9e81a/build/Codec/Picture/HDR.p_o )
[14 of 30] Compiling Codec.Picture.ColorQuant ( src/Codec/Picture/ColorQuant.hs, dist/dist-sandbox-bbe9e81a/build/Codec/Picture/ColorQuant.p_o )
[15 of 30] Compiling Codec.Picture.Bitmap ( src/Codec/Picture/Bitmap.hs, dist/dist-sandbox-bbe9e81a/build/Codec/Picture/Bitmap.p_o )
[16 of 30] Compiling Codec.Picture.BitWriter ( src/Codec/Picture/BitWriter.hs, dist/dist-sandbox-bbe9e81a/build/Codec/Picture/BitWriter.p_o )
[17 of 30] Compiling Codec.Picture.Gif.LZW ( src/Codec/Picture/Gif/LZW.hs, dist/dist-sandbox-bbe9e81a/build/Codec/Picture/Gif/LZW.p_o )
[18 of 30] Compiling Codec.Picture.Gif.LZWEncoding ( src/Codec/Picture/Gif/LZWEncoding.hs, dist/dist-sandbox-bbe9e81a/build/Codec/Picture/Gif/LZWEncoding.p_o )
[19 of 30] Compiling Codec.Picture.Gif ( src/Codec/Picture/Gif.hs, dist/dist-sandbox-bbe9e81a/build/Codec/Picture/Gif.p_o )
[20 of 30] Compiling Codec.Picture.Jpg.DefaultTable ( src/Codec/Picture/Jpg/DefaultTable.hs, dist/dist-sandbox-bbe9e81a/build/Codec/Picture/Jpg/DefaultTable.p_o )
[21 of 30] Compiling Codec.Picture.Jpg.Types ( src/Codec/Picture/Jpg/Types.hs, dist/dist-sandbox-bbe9e81a/build/Codec/Picture/Jpg/Types.p_o )
[22 of 30] Compiling Codec.Picture.Jpg.FastDct ( src/Codec/Picture/Jpg/FastDct.hs, dist/dist-sandbox-bbe9e81a/build/Codec/Picture/Jpg/FastDct.p_o )
[23 of 30] Compiling Codec.Picture.Jpg.FastIdct ( src/Codec/Picture/Jpg/FastIdct.hs, dist/dist-sandbox-bbe9e81a/build/Codec/Picture/Jpg/FastIdct.p_o )
[24 of 30] Compiling Codec.Picture.Jpg.Common ( src/Codec/Picture/Jpg/Common.hs, dist/dist-sandbox-bbe9e81a/build/Codec/Picture/Jpg/Common.p_o )
[25 of 30] Compiling Codec.Picture.Jpg.Metadata ( src/Codec/Picture/Jpg/Metadata.hs, dist/dist-sandbox-bbe9e81a/build/Codec/Picture/Jpg/Metadata.p_o )
[26 of 30] Compiling Codec.Picture.Jpg.Progressive ( src/Codec/Picture/Jpg/Progressive.hs, dist/dist-sandbox-bbe9e81a/build/Codec/Picture/Jpg/Progressive.p_o )
[27 of 30] Compiling Codec.Picture.Jpg ( src/Codec/Picture/Jpg.hs, dist/dist-sandbox-bbe9e81a/build/Codec/Picture/Jpg.p_o )
[28 of 30] Compiling Codec.Picture.Tiff ( src/Codec/Picture/Tiff.hs, dist/dist-sandbox-bbe9e81a/build/Codec/Picture/Tiff.p_o )
[29 of 30] Compiling Codec.Picture.Saving ( src/Codec/Picture/Saving.hs, dist/dist-sandbox-bbe9e81a/build/Codec/Picture/Saving.p_o )
[30 of 30] Compiling Codec.Picture    ( src/Codec/Picture.hs, dist/dist-sandbox-bbe9e81a/build/Codec/Picture.p_o )
Running Haddock for JuicyPixels-3.2.8.3...
Preprocessing library JuicyPixels-3.2.8.3...
Haddock coverage:
 100% ( 81 / 81) in 'Codec.Picture.Types'
  25% (  1 /  4) in 'Codec.Picture.VectorByteConversion'
  Missing documentation for:
    Module header
    blitVector (src/Codec/Picture/VectorByteConversion.hs:24)
    toByteString (src/Codec/Picture/VectorByteConversion.hs:28)
 100% (  5 /  5) in 'Codec.Picture.Metadata.Exif'
   9% (  2 / 22) in 'Codec.Picture.Tiff.Types'
  Missing documentation for:
    Module header
    Endianness (src/Codec/Picture/Tiff/Types.hs:59)
    TiffHeader (src/Codec/Picture/Tiff/Types.hs:83)
    TiffPlanarConfiguration (src/Codec/Picture/Tiff/Types.hs:122)
    TiffCompression (src/Codec/Picture/Tiff/Types.hs:136)
    IfdType (src/Codec/Picture/Tiff/Types.hs:143)
    TiffColorspace (src/Codec/Picture/Tiff/Types.hs:403)
    TiffSampleFormat (src/Codec/Picture/Tiff/Types.hs:351)
    ImageFileDirectory (src/Codec/Picture/Tiff/Types.hs:366)
    ExtraSample (src/Codec/Picture/Tiff/Types.hs:437)
    Predictor (src/Codec/Picture/Tiff/Types.hs:196)
    planarConfgOfConstant (src/Codec/Picture/Tiff/Types.hs:126)
    constantToPlaneConfiguration (src/Codec/Picture/Tiff/Types.hs:132)
    unpackSampleFormat (src/Codec/Picture/Tiff/Types.hs:358)
    unpackPhotometricInterpretation (src/Codec/Picture/Tiff/Types.hs:425)
    packPhotometricInterpretation (src/Codec/Picture/Tiff/Types.hs:414)
    codeOfExtraSample (src/Codec/Picture/Tiff/Types.hs:442)
    unPackCompression (src/Codec/Picture/Tiff/Types.hs:448)
    packCompression (src/Codec/Picture/Tiff/Types.hs:458)
    predictorOfConstant (src/Codec/Picture/Tiff/Types.hs:201)
 100% ( 25 / 25) in 'Codec.Picture.Metadata'
   0% (  0 /  2) in 'Codec.Picture.Tiff.Metadata'
  Missing documentation for:
    Module header
    extractTiffMetadata (src/Codec/Picture/Tiff/Metadata.hs:96)
   0% (  0 /  6) in 'Codec.Picture.InternalHelper'
  Missing documentation for:
    Module header
    runGet (src/Codec/Picture/InternalHelper.hs:27)
    runGetStrict (src/Codec/Picture/InternalHelper.hs:38)
    decode (src/Codec/Picture/InternalHelper.hs:24)
    getRemainingBytes (src/Codec/Picture/InternalHelper.hs:41)
    getRemainingLazyBytes (src/Codec/Picture/InternalHelper.hs:49)
  59% ( 19 / 32) in 'Codec.Picture.Png.Type'
  Missing documentation for:
    PngPhysicalDimension (src/Codec/Picture/Png/Type.hs:97)
    PngGamma (src/Codec/Picture/Png/Type.hs:108)
    PngUnit (src/Codec/Picture/Png/Type.hs:81)
    APngAnimationControl (src/Codec/Picture/Png/Type.hs:114)
    APngFrameControl (src/Codec/Picture/Png/Type.hs:144)
    tRNSSignature (src/Codec/Picture/Png/Type.hs:395)
    tEXtSignature (src/Codec/Picture/Png/Type.hs:404)
    zTXtSignature (src/Codec/Picture/Png/Type.hs:407)
    gammaSignature (src/Codec/Picture/Png/Type.hs:398)
    pHYsSignature (src/Codec/Picture/Png/Type.hs:401)
    animationControlSignature (src/Codec/Picture/Png/Type.hs:410)
    chunksWithSig (src/Codec/Picture/Png/Type.hs:447)
    mkRawChunk (src/Codec/Picture/Png/Type.hs:193)
   0% (  0 /  3) in 'Codec.Picture.Png.Metadata'
  Missing documentation for:
    Module header
    extractMetadatas (src/Codec/Picture/Png/Metadata.hs:92)
    encodeMetadatas (src/Codec/Picture/Png/Metadata.hs:133)
 100% (  7 /  7) in 'Codec.Picture.Png.Export'
 100% ( 11 / 11) in 'Codec.Picture.Png'
 100% (  7 /  7) in 'Codec.Picture.Tga'
 100% (  8 /  8) in 'Codec.Picture.HDR'
 100% (  5 /  5) in 'Codec.Picture.ColorQuant'
 100% ( 13 / 13) in 'Codec.Picture.Bitmap'
  36% (  8 / 22) in 'Codec.Picture.BitWriter'
  Missing documentation for:
    emptyBoolState (src/Codec/Picture/BitWriter.hs:58)
    getNextBitsLSBFirst (src/Codec/Picture/BitWriter.hs:158)
    getNextBitsMSBFirst (src/Codec/Picture/BitWriter.hs:140)
    getNextBitJpg (src/Codec/Picture/BitWriter.hs:101)
    getNextIntJpg (src/Codec/Picture/BitWriter.hs:111)
    setDecodedStringMSB (src/Codec/Picture/BitWriter.hs:133)
    runBoolReader (src/Codec/Picture/BitWriter.hs:64)
    BoolWriteStateRef (src/Codec/Picture/BitWriter.hs:196)
    newWriteStateRef (src/Codec/Picture/BitWriter.hs:204)
    finalizeBoolWriter (src/Codec/Picture/BitWriter.hs:213)
    initBoolState (src/Codec/Picture/BitWriter.hs:73)
    initBoolStateJpg (src/Codec/Picture/BitWriter.hs:78)
    execBoolReader (src/Codec/Picture/BitWriter.hs:70)
    runBoolReaderWith (src/Codec/Picture/BitWriter.hs:67)
   0% (  0 /  3) in 'Codec.Picture.Gif.LZW'
  Missing documentation for:
    Module header
    decodeLzw (src/Codec/Picture/Gif/LZW.hs:61)
    decodeLzwTiff (src/Codec/Picture/Gif/LZW.hs:72)
   0% (  0 /  2) in 'Codec.Picture.Gif.LZWEncoding'
  Missing documentation for:
    Module header
    lzwEncode (src/Codec/Picture/Gif/LZWEncoding.hs:65)
 100% ( 17 / 17) in 'Codec.Picture.Gif'
  38% (  9 / 24) in 'Codec.Picture.Jpg.DefaultTable'
  Missing documentation for:
    HuffmanTable (src/Codec/Picture/Jpg/DefaultTable.hs:258)
    HuffmanPackedTree (src/Codec/Picture/Jpg/DefaultTable.hs:54)
    QuantificationTable (src/Codec/Picture/Jpg/DefaultTable.hs:103)
    HuffmanWriterCode (src/Codec/Picture/Jpg/DefaultTable.hs:56)
    scaleQuantisationMatrix (src/Codec/Picture/Jpg/DefaultTable.hs:130)
    makeInverseTable (src/Codec/Picture/Jpg/DefaultTable.hs:90)
    packHuffmanTree (src/Codec/Picture/Jpg/DefaultTable.hs:58)
    huffmanPackedDecode (src/Codec/Picture/Jpg/DefaultTable.hs:144)
    defaultChromaQuantizationTable (src/Codec/Picture/Jpg/DefaultTable.hs:166)
    defaultLumaQuantizationTable (src/Codec/Picture/Jpg/DefaultTable.hs:154)
    defaultAcChromaHuffmanTree (src/Codec/Picture/Jpg/DefaultTable.hs:260)
    defaultAcChromaHuffmanTable (src/Codec/Picture/Jpg/DefaultTable.hs:263)
    defaultAcLumaHuffmanTree (src/Codec/Picture/Jpg/DefaultTable.hs:226)
    defaultDcChromaHuffmanTree (src/Codec/Picture/Jpg/DefaultTable.hs:202)
    defaultDcLumaHuffmanTree (src/Codec/Picture/Jpg/DefaultTable.hs:178)
  17% (  4 / 23) in 'Codec.Picture.Jpg.Types'
  Missing documentation for:
    Module header
    printMacroBlock (src/Codec/Picture/Jpg/Types.hs:709)
    printPureMacroBlock (src/Codec/Picture/Jpg/Types.hs:718)
    JpgImage (src/Codec/Picture/Jpg/Types.hs:274)
    JpgComponent (src/Codec/Picture/Jpg/Types.hs:261)
    JpgFrameHeader (src/Codec/Picture/Jpg/Types.hs:246)
    JpgFrame (src/Codec/Picture/Jpg/Types.hs:104)
    JpgFrameKind (src/Codec/Picture/Jpg/Types.hs:79)
    JpgScanHeader (src/Codec/Picture/Jpg/Types.hs:290)
    JpgQuantTableSpec (src/Codec/Picture/Jpg/Types.hs:312)
    JpgHuffmanTableSpec (src/Codec/Picture/Jpg/Types.hs:367)
    JpgImageKind (src/Codec/Picture/Jpg/Types.hs:570)
    JpgScanSpecification (src/Codec/Picture/Jpg/Types.hs:277)
    JpgColorSpace (src/Codec/Picture/Jpg/Types.hs:117)
    AdobeTransform (src/Codec/Picture/Jpg/Types.hs:129)
    JpgAdobeApp14 (src/Codec/Picture/Jpg/Types.hs:135)
    JpgJFIFApp0 (src/Codec/Picture/Jpg/Types.hs:163)
    calculateSize (src/Codec/Picture/Jpg/Types.hs:324)
    dctBlockSize (src/Codec/Picture/Jpg/Types.hs:728)
  67% (  2 /  3) in 'Codec.Picture.Jpg.FastDct'
  Missing documentation for:
    Module header
 100% (  5 /  5) in 'Codec.Picture.Jpg.FastIdct'
  29% (  5 / 17) in 'Codec.Picture.Jpg.Common'
  Missing documentation for:
    Module header
    JpgUnpackerParameter (src/Codec/Picture/Jpg/Common.hs:46)
    decodeInt (src/Codec/Picture/Jpg/Common.hs:84)
    dcCoefficientDecode (src/Codec/Picture/Jpg/Common.hs:102)
    decodeRrrrSsss (src/Codec/Picture/Jpg/Common.hs:95)
    zigZagReorderForward (src/Codec/Picture/Jpg/Common.hs:148)
    zigZagReorderForwardv (src/Codec/Picture/Jpg/Common.hs:138)
    zigZagReorder (src/Codec/Picture/Jpg/Common.hs:170)
    inverseDirectCosineTransform (src/Codec/Picture/Jpg/Common.hs:121)
    rasterMap (src/Codec/Picture/Jpg/Common.hs:189)
    decodeRestartInterval (src/Codec/Picture/Jpg/Common.hs:73)
    toBlockSize (src/Codec/Picture/Jpg/Common.hs:70)
   0% (  0 /  3) in 'Codec.Picture.Jpg.Metadata'
  Missing documentation for:
    Module header
    extractMetadatas (src/Codec/Picture/Jpg/Metadata.hs:23)
    encodeMetadatas (src/Codec/Picture/Jpg/Metadata.hs:31)
   0% (  0 /  3) in 'Codec.Picture.Jpg.Progressive'
  Missing documentation for:
    Module header
    JpgUnpackerParameter (src/Codec/Picture/Jpg/Common.hs:46)
    progressiveUnpack (src/Codec/Picture/Jpg/Progressive.hs:209)
 100% (  8 /  8) in 'Codec.Picture.Jpg'
 100% (  7 /  7) in 'Codec.Picture.Tiff'
 100% (  8 /  8) in 'Codec.Picture.Saving'
Cannot find documentation for: $graph
 100% (109 /109) in 'Codec.Picture'
Warning: Codec.Picture.Types: could not find link destinations for:
    colorSpaceOfPixel TiffColorspace extraSampleCodeOfPixel ExtraSample subSamplingInfo toComponentIndex tgaDataOfImage tgaPixelDepthOfImage tgaTypeOfImage TgaImageType bitsPerPixel bmpEncode defaultPalette BmpPalette additionalBlocks JpgFrame componentsOfColorSpace JpgComponent encodingState EncoderState imageHuffmanTables JpgHuffmanTableSpec HuffmanPackedTree scanSpecificationOfColorSpace JpgScanSpecification quantTableSpec JpgQuantTableSpec maximumSubSamplingOf ~
Warning: Codec.Picture.Tga: could not find link destinations for:
    tgaDataOfImage tgaPixelDepthOfImage tgaTypeOfImage TgaImageType
Warning: Codec.Picture.ColorQuant: could not find link destinations for:
    Fold fold
Warning: Codec.Picture.Bitmap: could not find link destinations for:
    BmpPalette encodeBitmapWithPalette bitsPerPixel bmpEncode defaultPalette
Warning: Codec.Picture.Jpg: could not find link destinations for:
    ~ componentsOfColorSpace encodingState scanSpecificationOfColorSpace additionalBlocks JpgFrame JpgComponent EncoderState imageHuffmanTables JpgHuffmanTableSpec HuffmanPackedTree JpgScanSpecification quantTableSpec JpgQuantTableSpec maximumSubSamplingOf
Warning: Codec.Picture.Tiff: could not find link destinations for:
    colorSpaceOfPixel TiffColorspace extraSampleCodeOfPixel ExtraSample subSamplingInfo
Warning: Codec.Picture: could not find link destinations for:
    bitsPerPixel bmpEncode defaultPalette BmpPalette tgaDataOfImage tgaPixelDepthOfImage tgaTypeOfImage TgaImageType colorSpaceOfPixel TiffColorspace extraSampleCodeOfPixel ExtraSample subSamplingInfo toComponentIndex additionalBlocks JpgFrame componentsOfColorSpace JpgComponent encodingState EncoderState imageHuffmanTables JpgHuffmanTableSpec HuffmanPackedTree scanSpecificationOfColorSpace JpgScanSpecification quantTableSpec JpgQuantTableSpec maximumSubSamplingOf ~
Documentation created:
dist/dist-sandbox-bbe9e81a/doc/html/JuicyPixels/index.html
Creating package registration file:
/var/folders/q5/zhn2h_ks6hn97y1zfqnd3w_w0000gw/T/pkgConf-JuicyPixels-3.2.8178448449274243042.3
Installing library in /Users/ti/alex_repo/Functional
programming/mario/FP-Mario/.cabal-sandbox/lib/x86_64-osx-ghc-8.0.2/JuicyPixels-3.2.8.3-3emR536hPyIDKR8jVoWtee
Registering JuicyPixels-3.2.8.3...
cabal: Leaving directory '/var/folders/q5/zhn2h_ks6hn97y1zfqnd3w_w0000gw/T/cabal-tmp-31467/JuicyPixels-3.2.8.3'
